<?xml version="1.0" encoding="UTF-8"?>
<!-- Generated by org.testng.reporters.JUnitXMLReporter -->
<testsuite hostname="LAPTOP-MU36A4M1" ignored="0" name="Test" tests="3" failures="0" timestamp="2021-01-29T22:05:38 EET" time="0.071" errors="0">
  <testcase name="@BeforeClass useropenurl" time="0.023" classname="tests.Testbase2">
    <failure type="java.net.MalformedURLException" message="unknown protocol: localhost">
      <![CDATA[java.net.MalformedURLException: unknown protocol: localhost
at java.net.URL.<init>(Unknown Source)
at java.net.URL.<init>(Unknown Source)
at java.net.URL.<init>(Unknown Source)
at tests.Testbase2.useropenurl(Testbase2.java:43)
at java.util.ArrayList.forEach(Unknown Source)
... Removed 25 stack frames]]>
    </failure>
  </testcase> <!-- @BeforeClass useropenurl -->
  <testcase name="@AfterClass closeurl" time="-1.611950738274E9" classname="tests.Testbase2">
    <skipped/>
  </testcase> <!-- @AfterClass closeurl -->
  <testcase name="@BeforeClass useropenurl" time="0.001" classname="tests.Testbase2">
    <failure type="java.net.MalformedURLException" message="unknown protocol: localhost">
      <![CDATA[java.net.MalformedURLException: unknown protocol: localhost
at java.net.URL.<init>(Unknown Source)
at java.net.URL.<init>(Unknown Source)
at java.net.URL.<init>(Unknown Source)
at tests.Testbase2.useropenurl(Testbase2.java:43)
at java.util.ArrayList.forEach(Unknown Source)
... Removed 25 stack frames]]>
    </failure>
  </testcase> <!-- @BeforeClass useropenurl -->
  <testcase name="@AfterClass closeurl" time="-1.611950738281E9" classname="tests.Testbase2">
    <skipped/>
  </testcase> <!-- @AfterClass closeurl -->
  <testcase name="@BeforeClass useropenurl" time="0.001" classname="tests.Testbase2">
    <failure type="java.net.MalformedURLException" message="unknown protocol: localhost">
      <![CDATA[java.net.MalformedURLException: unknown protocol: localhost
at java.net.URL.<init>(Unknown Source)
at java.net.URL.<init>(Unknown Source)
at java.net.URL.<init>(Unknown Source)
at tests.Testbase2.useropenurl(Testbase2.java:43)
at java.util.ArrayList.forEach(Unknown Source)
... Removed 25 stack frames]]>
    </failure>
  </testcase> <!-- @BeforeClass useropenurl -->
  <testcase name="@AfterClass closeurl" time="-1.611950738286E9" classname="tests.Testbase2">
    <skipped/>
  </testcase> <!-- @AfterClass closeurl -->
  <testcase name="userregistertest" time="0.0" classname="tests.Registertestgrid">
    <skipped/>
  </testcase> <!-- userregistertest -->
  <testcase name="usersignintest" time="0.0" classname="tests.Signintestgrid">
    <skipped/>
  </testcase> <!-- usersignintest -->
  <testcase name="userautosearchtest" time="0.0" classname="tests.Autosearchtestgrid">
    <skipped/>
  </testcase> <!-- userautosearchtest -->
</testsuite> <!-- Test -->
