<?xml version="1.0" encoding="UTF-8"?>
<!-- Generated by org.testng.reporters.JUnitXMLReporter -->
<testsuite hostname="LAPTOP-MU36A4M1" ignored="0" name="Test(failed)" tests="1" failures="0" timestamp="2021-01-29T20:39:12 EET" time="0.062" errors="0">
  <testcase name="@BeforeClass useropenurl" time="0.012" classname="tests.Testbase">
    <failure type="java.lang.NullPointerException">
      <![CDATA[java.lang.NullPointerException
at tests.Testbase.useropenurl(Testbase.java:66)
at java.util.ArrayList.forEach(Unknown Source)
... Removed 25 stack frames]]>
    </failure>
  </testcase> <!-- @BeforeClass useropenurl -->
  <testcase name="@AfterMethod usertakescreemshot" time="-1.611945552952E9" classname="tests.Testbase">
    <skipped/>
  </testcase> <!-- @AfterMethod usertakescreemshot -->
  <testcase name="@AfterClass closeurl" time="-1.611945552954E9" classname="tests.Testbase">
    <skipped/>
  </testcase> <!-- @AfterClass closeurl -->
  <testcase name="userregistertest" time="0.0" classname="tests.Registertest">
    <skipped/>
  </testcase> <!-- userregistertest -->
</testsuite> <!-- Test(failed) -->
